build/app/outputs/mapping/release/mapping.txt
# compiler: R8
# compiler_version: 1.5.64
# min_api: 16
# pg_map_id: 977106a
...
io.grpc.okhttp.internal.Util -> c.c.o1.r.i:
    java.nio.charset.Charset UTF_8 -> b
    java.lang.String[] EMPTY_STRING_ARRAY -> a
    java.util.List immutableList(java.lang.Object[]) -> a
    java.util.List intersect(java.lang.Object[],java.lang.Object[]) -> a
    java.lang.Object[] intersect(java.lang.Class,java.lang.Object[],java.lang.Object[]) -> a
io.grpc.okhttp.internal.framed.ErrorCode -> c.c.o1.r.j.a:
    io.grpc.okhttp.internal.framed.ErrorCode INVALID_CREDENTIALS -> s
    io.grpc.okhttp.internal.framed.ErrorCode HTTP_1_1_REQUIRED -> r
    io.grpc.okhttp.internal.framed.ErrorCode INADEQUATE_SECURITY -> q
    io.grpc.okhttp.internal.framed.ErrorCode ENHANCE_YOUR_CALM -> p
    io.grpc.okhttp.internal.framed.ErrorCode CONNECT_ERROR -> o
    io.grpc.okhttp.internal.framed.ErrorCode COMPRESSION_ERROR -> n
    io.grpc.okhttp.internal.framed.ErrorCode[] $VALUES -> t
    int httpCode -> a
    io.grpc.okhttp.internal.framed.ErrorCode UNSUPPORTED_VERSION -> e
    io.grpc.okhttp.internal.framed.ErrorCode INVALID_STREAM -> d
    io.grpc.okhttp.internal.framed.ErrorCode PROTOCOL_ERROR -> c
    io.grpc.okhttp.internal.framed.ErrorCode NO_ERROR -> b
    io.grpc.okhttp.internal.framed.ErrorCode CANCEL -> m
    io.grpc.okhttp.internal.framed.ErrorCode REFUSED_STREAM -> l
    io.grpc.okhttp.internal.framed.ErrorCode FRAME_TOO_LARGE -> k
    io.grpc.okhttp.internal.framed.ErrorCode STREAM_CLOSED -> j
    io.grpc.okhttp.internal.framed.ErrorCode FLOW_CONTROL_ERROR -> i
    io.grpc.okhttp.internal.framed.ErrorCode INTERNAL_ERROR -> h
    io.grpc.okhttp.internal.framed.ErrorCode STREAM_ALREADY_CLOSED -> g
    io.grpc.okhttp.internal.framed.ErrorCode STREAM_IN_USE -> f
    io.grpc.okhttp.internal.framed.ErrorCode fromHttp2(int) -> a
io.grpc.okhttp.internal.framed.FrameReader -> c.c.o1.r.j.b:
    boolean nextFrame(io.grpc.okhttp.internal.framed.FrameReader$Handler) -> a
io.grpc.okhttp.internal.framed.FrameReader$Handler -> c.c.o1.r.j.b$a:
    void ackSettings() -> a
    void data(boolean,int,okio.BufferedSource,int) -> a
    void goAway(int,io.grpc.okhttp.internal.framed.ErrorCode,okio.ByteString) -> a
    void headers(boolean,boolean,int,int,java.util.List,io.grpc.okhttp.internal.framed.HeadersMode) -> a
    void ping(boolean,int,int) -> a
    void priority(int,int,int,boolean) -> a
    void pushPromise(int,int,java.util.List) -> a
    void rstStream(int,io.grpc.okhttp.internal.framed.ErrorCode) -> a
    void settings(boolean,io.grpc.okhttp.internal.framed.Settings) -> a
    void windowUpdate(int,long) -> a
io.grpc.okhttp.internal.framed.FrameWriter -> c.c.o1.r.j.c:
    void ackSettings(io.grpc.okhttp.internal.framed.Settings) -> a
    void data(boolean,int,okio.Buffer,int) -> a
    void goAway(int,io.grpc.okhttp.internal.framed.ErrorCode,byte[]) -> a
    void ping(boolean,int,int) -> a
    void rstStream(int,io.grpc.okhttp.internal.framed.ErrorCode) -> a
    void synStream(boolean,boolean,int,int,java.util.List) -> a
    void windowUpdate(int,long) -> a
    void settings(io.grpc.okhttp.internal.framed.Settings) -> b
    int maxDataLength() -> j
    void connectionPreface() -> k
io.grpc.okhttp.internal.framed.Header -> c.c.o1.r.j.d:
    okio.ByteString value -> b
    okio.ByteString TARGET_METHOD -> e
    okio.ByteString RESPONSE_STATUS -> d
    okio.ByteString name -> a
    okio.ByteString TARGET_SCHEME -> g
    okio.ByteString TARGET_PATH -> f
    int hpackSize -> c
    okio.ByteString TARGET_AUTHORITY -> h
io.grpc.okhttp.internal.framed.HeadersMode -> c.c.o1.r.j.e:
    io.grpc.okhttp.internal.framed.HeadersMode HTTP_20_HEADERS -> d
    io.grpc.okhttp.internal.framed.HeadersMode SPDY_HEADERS -> c
    io.grpc.okhttp.internal.framed.HeadersMode SPDY_REPLY -> b
    io.grpc.okhttp.internal.framed.HeadersMode SPDY_SYN_STREAM -> a
    io.grpc.okhttp.internal.framed.HeadersMode[] $VALUES -> e